build/app/intermediates/manifest_merge_blame_file/debug/manifest-merger-blame-debug-report.txt
1<?xml version="1.0" encoding="utf-8"?>
2<manifest xmlns:android="http://schemas.android.com/apk/res/android"
3    package="com.hrms.team_ideal"
4    android:versionCode="14"
5    android:versionName="2.0.3" >
6
7    <uses-sdk
8        android:minSdkVersion="21"
9        android:targetSdkVersion="31" />
10    <!--
11         Flutter needs it to communicate with the running application
12         to allow setting breakpoints, to provide hot reload, etc.
13    -->
14    <uses-permission android:name="android.permission.INTERNET" />
14-->src\main\AndroidManifest.xml:5:1-63
14-->src\main\AndroidManifest.xml:5:18-60
15    <uses-permission android:name="android.permission.ACCESS_FINE_LOCATION" />
15-->src\main\AndroidManifest.xml:3:5-79
15-->src\main\AndroidManifest.xml:3:22-76
16    <uses-permission android:name="android.permission.ACCESS_COARSE_LOCATION" /> <!-- Provide required visibility configuration for API level 30 and above -->
16-->src\main\AndroidManifest.xml:4:1-77
16-->src\main\AndroidManifest.xml:4:18-74
17    <queries>
17-->src\main\AndroidManifest.xml:48:5-65:15
18
19        <!-- If your app checks for SMS support -->
20        <intent>
20-->src\main\AndroidManifest.xml:50:9-53:18
21            <action android:name="android.intent.action.VIEW" />
21-->src\main\AndroidManifest.xml:51:13-65
21-->src\main\AndroidManifest.xml:51:21-62
22
23            <data android:scheme="sms" />
23-->src\main\AndroidManifest.xml:52:13-42
23-->src\main\AndroidManifest.xml:52:19-39
24        </intent>
25        <!-- If your app checks for call support -->
26        <intent>
26-->src\main\AndroidManifest.xml:55:9-58:18
27            <action android:name="android.intent.action.VIEW" />
27-->src\main\AndroidManifest.xml:51:13-65
27-->src\main\AndroidManifest.xml:51:21-62
28
29            <data android:scheme="tel" />
29-->src\main\AndroidManifest.xml:52:13-42
29-->src\main\AndroidManifest.xml:52:19-39
30        </intent>
31        <!-- Place inside the <queries> element. -->
32        <intent>
32-->src\main\AndroidManifest.xml:60:9-64:18
33            <action android:name="android.intent.action.VIEW" />
33-->src\main\AndroidManifest.xml:51:13-65
33-->src\main\AndroidManifest.xml:51:21-62
34
35            <category android:name="android.intent.category.BROWSABLE" />
35-->src\main\AndroidManifest.xml:62:13-74
35-->src\main\AndroidManifest.xml:62:23-71
36
37            <data android:scheme="https" />
37-->src\main\AndroidManifest.xml:52:13-42
37-->src\main\AndroidManifest.xml:52:19-39
38        </intent>
39        <intent>
39-->[:file_picker] AndroidManifest.xml:10:9-14:18
40            <action android:name="android.intent.action.GET_CONTENT" />
40-->[:file_picker] AndroidManifest.xml:11:13-72
40-->[:file_picker] AndroidManifest.xml:11:21-69
41
42            <data android:mimeType="*/*" />
42-->src\main\AndroidManifest.xml:52:13-42
43        </intent>
44    </queries>
45
46    <uses-permission android:name="android.permission.FOREGROUND_SERVICE" />
46-->[:geolocator_android] AndroidManifest.xml:7:5-77
46-->[:geolocator_android] AndroidManifest.xml:7:22-74
47    <uses-permission android:name="android.permission.ACCESS_NETWORK_STATE" />
47-->[:network_info_plus] AndroidManifest.xml:7:5-79
47-->[:network_info_plus] AndroidManifest.xml:7:22-76
48    <uses-permission android:name="android.permission.ACCESS_WIFI_STATE" />
48-->[:network_info_plus] AndroidManifest.xml:8:5-76
48-->[:network_info_plus] AndroidManifest.xml:8:22-73
49    <uses-permission android:name="android.permission.READ_EXTERNAL_STORAGE" />
49-->[:file_picker] AndroidManifest.xml:7:5-80
49-->[:file_picker] AndroidManifest.xml:7:22-77
50
51    <application
51-->src\main\AndroidManifest.xml:7:4-46:19
52        android:appComponentFactory="androidx.core.app.CoreComponentFactory"
52-->[androidx.core:core:1.8.0] AndroidManifest.xml:24:18-86
53        android:debuggable="true"
54        android:icon="@mipmap/launcher_icon"
54-->src\main\AndroidManifest.xml:9:9-45
55        android:label="Team Ideal"
55-->src\main\AndroidManifest.xml:8:9-35
56        android:roundIcon="@mipmap/ic_launcher_round" >
56-->src\main\AndroidManifest.xml:10:8-53
57        <activity
57-->src\main\AndroidManifest.xml:11:9-40:20
58            android:name="com.hrms.team_ideal.MainActivity"
58-->src\main\AndroidManifest.xml:12:13-41
59            android:configChanges="orientation|keyboardHidden|keyboard|screenSize|smallestScreenSize|locale|layoutDirection|fontScale|screenLayout|density|uiMode"
59-->src\main\AndroidManifest.xml:15:13-163
60            android:exported="true"
60-->src\main\AndroidManifest.xml:18:13-36
61            android:hardwareAccelerated="true"
61-->src\main\AndroidManifest.xml:16:13-47
62            android:launchMode="singleTop"
62-->src\main\AndroidManifest.xml:13:13-43
63            android:theme="@style/LaunchTheme"
63-->src\main\AndroidManifest.xml:14:13-47
64            android:windowSoftInputMode="adjustResize" >
64-->src\main\AndroidManifest.xml:17:13-55
65
66            <!--
67                 Specifies an Android theme to apply to this Activity as soon as
68                 the Android process has started. This theme is visible to the user
69                 while the Flutter UI initializes. After that, this theme continues
70                 to determine the Window background behind the Flutter UI.
71            -->
72            <meta-data
72-->src\main\AndroidManifest.xml:23:13-26:17
73                android:name="io.flutter.embedding.android.NormalTheme"
73-->src\main\AndroidManifest.xml:24:15-70
74                android:resource="@style/NormalTheme" />
74-->src\main\AndroidManifest.xml:25:15-52
75            <!--
76                 Displays an Android View that continues showing the launch screen
77                 Drawable until Flutter paints its first frame, then this splash
78                 screen fades out. A splash screen is useful to avoid any visual
79                 gap between the end of Android's launch screen and the painting of
80                 Flutter's first frame.
81            -->
82            <meta-data
82-->src\main\AndroidManifest.xml:32:13-35:17
83                android:name="io.flutter.embedding.android.SplashScreenDrawable"
83-->src\main\AndroidManifest.xml:33:15-79
84                android:resource="@drawable/launch_background" />
84-->src\main\AndroidManifest.xml:34:15-61
85
86            <intent-filter>
86-->src\main\AndroidManifest.xml:36:13-39:29
87                <action android:name="android.intent.action.MAIN" />
87-->src\main\AndroidManifest.xml:37:17-68
87-->src\main\AndroidManifest.xml:37:25-66
88
89                <category android:name="android.intent.category.LAUNCHER" />
89-->src\main\AndroidManifest.xml:38:17-76
89-->src\main\AndroidManifest.xml:38:27-74
90            </intent-filter>
91        </activity>
92        <!--
93             Don't delete the meta-data below.
94             This is used by the Flutter tool to generate GeneratedPluginRegistrant.java
95        -->
96        <meta-data
96-->src\main\AndroidManifest.xml:43:9-45:33
97            android:name="flutterEmbedding"
97-->src\main\AndroidManifest.xml:44:13-44
98            android:value="2" />
98-->src\main\AndroidManifest.xml:45:13-30
99
100        <service
100-->[:geolocator_android] AndroidManifest.xml:10:9-14:56
101            android:name="com.baseflow.geolocator.GeolocatorLocationService"
101-->[:geolocator_android] AndroidManifest.xml:11:13-77
102            android:enabled="true"
102-->[:geolocator_android] AndroidManifest.xml:12:13-35
103            android:exported="false"
103-->[:geolocator_android] AndroidManifest.xml:13:13-37
104            android:foregroundServiceType="location" />
104-->[:geolocator_android] AndroidManifest.xml:14:13-53
105
106        <activity
106-->[:url_launcher_android] AndroidManifest.xml:8:9-11:74
107            android:name="io.flutter.plugins.urllauncher.WebViewActivity"
107-->[:url_launcher_android] AndroidManifest.xml:9:13-74
108            android:exported="false"
108-->[:url_launcher_android] AndroidManifest.xml:10:13-37
109            android:theme="@android:style/Theme.NoTitleBar.Fullscreen" />
109-->[:url_launcher_android] AndroidManifest.xml:11:13-71
110
111        <provider
111-->[:printing] AndroidManifest.xml:8:9-16:20
112            android:name="net.nfet.flutter.printing.PrintFileProvider"
112-->[:printing] AndroidManifest.xml:9:13-71
113            android:authorities="com.hrms.team_ideal.flutter.printing"
113-->[:printing] AndroidManifest.xml:10:13-68
114            android:exported="false"
114-->[:printing] AndroidManifest.xml:11:13-37
115            android:grantUriPermissions="true" >
115-->[:printing] AndroidManifest.xml:12:13-47
116            <meta-data
116-->[:printing] AndroidManifest.xml:13:13-15:71
117                android:name="android.support.FILE_PROVIDER_PATHS"
117-->[:printing] AndroidManifest.xml:14:17-67
118                android:resource="@xml/flutter_printing_file_paths" />
118-->[:printing] AndroidManifest.xml:15:17-68
119        </provider>
120
121        <uses-library
121-->[androidx.window:window:1.0.0-beta04] AndroidManifest.xml:25:9-27:40
122            android:name="androidx.window.extensions"
122-->[androidx.window:window:1.0.0-beta04] AndroidManifest.xml:26:13-54
123            android:required="false" />
123-->[androidx.window:window:1.0.0-beta04] AndroidManifest.xml:27:13-37
124        <uses-library
124-->[androidx.window:window:1.0.0-beta04] AndroidManifest.xml:28:9-30:40
125            android:name="androidx.window.sidecar"
125-->[androidx.window:window:1.0.0-beta04] AndroidManifest.xml:29:13-51
126            android:required="false" />
126-->[androidx.window:window:1.0.0-beta04] AndroidManifest.xml:30:13-37
127
128        <activity
128-->[com.google.android.gms:play-services-base:18.0.1] AndroidManifest.xml:20:9-22:45
129            android:name="com.google.android.gms.common.api.GoogleApiActivity"
129-->[com.google.android.gms:play-services-base:18.0.1] AndroidManifest.xml:20:19-85
130            android:exported="false"
130-->[com.google.android.gms:play-services-base:18.0.1] AndroidManifest.xml:22:19-43
131            android:theme="@android:style/Theme.Translucent.NoTitleBar" />
131-->[com.google.android.gms:play-services-base:18.0.1] AndroidManifest.xml:21:19-78
132
133        <meta-data
133-->[com.google.android.gms:play-services-basement:18.0.0] AndroidManifest.xml:21:9-23:69
134            android:name="com.google.android.gms.version"
134-->[com.google.android.gms:play-services-basement:18.0.0] AndroidManifest.xml:22:13-58
135            android:value="@integer/google_play_services_version" />
135-->[com.google.android.gms:play-services-basement:18.0.0] AndroidManifest.xml:23:13-66
136    </application>
137
138</manifest>